01:59:11.987 [main                     ] DEBUG Logger               - Configured Logger
01:59:12.013 [main                     ] DEBUG GameApplication      - Logging settings
Title: TicTacToe
Version: 1.0
Width: 600
Height: 600
Fullscreen: false
Intro: false
Profiling: false
Single step:false
App Mode: DEVELOPER
Menu Key: ESCAPE
Stage Style: DECORATED
Scene Factory: class com.almasb.fxgl.app.scene.SceneFactory

01:59:12.567 [JavaFX Application Thread] DEBUG FXGLApplication      - Initializing FXGL
01:59:12.573 [JavaFX Application Thread] INFO  Engine               - FXGL-17.3 (30.03.2023 11.49) on WINDOWS (J:20.0.1 FX:20)
01:59:12.574 [JavaFX Application Thread] DEBUG Engine               - JRE Vendor Name: Oracle Corporation
01:59:12.575 [JavaFX Application Thread] DEBUG Engine               - Running on OS: Windows 11 version 10.0
01:59:12.575 [JavaFX Application Thread] DEBUG Engine               - Architecture: amd64
01:59:12.575 [JavaFX Application Thread] INFO  Engine               - Source code and latest versions at: https://github.com/AlmasB/FXGL
01:59:12.576 [JavaFX Application Thread] INFO  Engine               -       Ask questions and discuss at: https://github.com/AlmasB/FXGL/discussions
01:59:12.577 [JavaFX Application Thread] INFO  Engine               -              Join the FXGL chat at: https://gitter.im/AlmasB/FXGL
01:59:12.691 [JavaFX Application Thread] DEBUG PrimaryStageWindow   - Creating a JavaFX scene
01:59:12.741 [JavaFX Application Thread] DEBUG PrimaryStageWindow   - Target settings size: 600.0 x 600.0
01:59:12.741 [JavaFX Application Thread] DEBUG PrimaryStageWindow   - Scaled scene size:    600.0 x 600.0
01:59:12.741 [JavaFX Application Thread] DEBUG PrimaryStageWindow   - Scaled ratio: (1.0, 1.0)
01:59:12.742 [JavaFX Application Thread] DEBUG PrimaryStageWindow   - Set initial scene to FXGLStartupScene
01:59:12.747 [JavaFX Application Thread] DEBUG PrimaryStageWindow   - Opening main window
01:59:12.839 [JavaFX Application Thread] DEBUG PrimaryStageWindow   - Window border size: (16.0, 39.0)
01:59:12.839 [JavaFX Application Thread] DEBUG PrimaryStageWindow   - Scaled size: 600.0 x 600.0
01:59:12.839 [JavaFX Application Thread] DEBUG PrimaryStageWindow   - Scaled ratio: (1.0, 1.0)
01:59:12.839 [JavaFX Application Thread] DEBUG PrimaryStageWindow   - Scene size: 600.0 x 600.0
01:59:12.840 [JavaFX Application Thread] DEBUG PrimaryStageWindow   - Stage size: 616.0 x 639.0
01:59:12.848 [FXGL Background Thread 1 ] DEBUG Engine               - Initializing environment variables
01:59:12.914 [FXGL Background Thread 1 ] DEBUG FXGLAssetLoaderServi - User app class for loading assets: class com.almasb.fxglgames.tictactoe.TicTacToeApp
01:59:12.914 [FXGL Background Thread 1 ] DEBUG GameApplicationServi - Applying CSS: fxgl_dark.css
01:59:12.915 [FXGL Background Thread 1 ] DEBUG FXGLAssetLoaderServi - Loading from file system: jar:file:///C:/Users/acer/.m2/repository/com/github/almasb/fxgl/17.3/fxgl-17.3.jar!/fxglassets/ui/css/fxgl_dark.css
01:59:12.990 [FXGL Background Thread 1 ] DEBUG GameApplicationServi - Initializing application scenes
01:59:13.086 [FXGL Background Thread 1 ] DEBUG GameWorld            - Game world initialized
01:59:13.195 [FXGL Background Thread 1 ] DEBUG PhysicsWorld         - Physics world initialized: appHeight=600, physics.ppm=50.0
01:59:13.195 [FXGL Background Thread 1 ] DEBUG PhysicsWorld         - Using strategy: BRUTE_FORCE
01:59:13.199 [FXGL Background Thread 1 ] DEBUG GameScene            - Game scene initialized: 600x600
01:59:13.210 [FXGL Background Thread 1 ] WARN  FXGL.DefaultMenu     - FXGLDefaultMenu is not designed for resolutions < 800x600
01:59:13.212 [FXGL Background Thread 1 ] DEBUG FXGL.DefaultMenu     - createMenuBodyGameMenu()
01:59:13.234 [FXGL Background Thread 1 ] DEBUG FXGL.DefaultMenu     - createOptionsMenu()
01:59:13.248 [FXGL Background Thread 1 ] DEBUG FXGLAssetLoaderServi - Loading from file system: jar:file:///C:/Users/acer/.m2/repository/com/github/almasb/fxgl/17.3/fxgl-17.3.jar!/fxglassets/textures/particles/smoke.png
01:59:13.390 [FXGL Background Thread 1 ] DEBUG FXGLAssetLoaderServi - Loading from file system: jar:file:///C:/Users/acer/.m2/repository/com/github/almasb/fxgl/17.3/fxgl-17.3.jar!/fxglassets/textures/particles/trace_horizontal.png
01:59:13.426 [FXGL Background Thread 1 ] DEBUG GameApplicationServi - Application scenes initialized
01:59:13.449 [FXGL Background Thread 1 ] DEBUG SystemBundleService  - Loading default FXGL system data
01:59:13.450 [FXGL Background Thread 1 ] DEBUG UpdaterService       - Checking for updates
01:59:13.456 [FXGL Background Thread 4 ] DEBUG FXGLApplication      - Loading fonts
01:59:13.456 [FXGL Background Thread 4 ] DEBUG FXGLAssetLoaderServi - Loading from file system: jar:file:///C:/Users/acer/.m2/repository/com/github/almasb/fxgl/17.3/fxgl-17.3.jar!/fxglassets/ui/fonts/VarelaRound-Regular.ttf
01:59:13.456 [FXGL Background Thread 1 ] DEBUG FXGLApplication      - Loading default localization
01:59:13.457 [FXGL Background Thread 1 ] DEBUG FXGLAssetLoaderServi - Loading from file system: jar:file:///C:/Users/acer/.m2/repository/com/github/almasb/fxgl/17.3/fxgl-17.3.jar!/fxglassets/languages/english.lang
01:59:13.481 [FXGL Background Thread 1 ] INFO  FXGLApplication      - FXGL initialization took: 0.633 sec
01:59:13.484 [JavaFX Application Thread] DEBUG FXGLAssetLoaderServi - Loading from file system: jar:file:///C:/Users/acer/.m2/repository/com/github/almasb/fxgl/17.3/fxgl-17.3.jar!/fxglassets/textures/fxgl_icon.png
01:59:13.500 [JavaFX Application Thread] DEBUG FXGLAssetLoaderServi - Loading from file system: jar:file:///C:/Users/acer/.m2/repository/com/github/almasb/fxgl/17.3/fxgl-17.3.jar!/fxglassets/textures/fxgl_default_cursor.png
01:59:13.513 [JavaFX Application Thread] DEBUG Input                - Registered new binding: Screenshot - CTRL+8
01:59:13.513 [JavaFX Application Thread] DEBUG Input                - Registered new binding: System info dump - CTRL+9
01:59:13.514 [JavaFX Application Thread] DEBUG Input                - Registered new binding: Restart - CTRL+R
01:59:13.514 [JavaFX Application Thread] DEBUG Input                - Registered new binding: Toggle Debug Camera - CTRL+7
01:59:13.517 [JavaFX Application Thread] DEBUG LoopRunner           - Starting loop
01:59:13.517 [JavaFX Application Thread] DEBUG LoopRunner           - Initializing JavaFX AnimationTimerLoop
01:59:13.518 [JavaFX Application Thread] DEBUG GameApplicationServi - Starting new game
01:59:13.519 [JavaFX Application Thread] DEBUG Input                - Clearing active input actions
01:59:13.529 [JavaFX Application Thread] DEBUG GameApplicationServi - Removing overlay from FXGLStartupScene and adding to FXGLLoadingScene
01:59:13.530 [JavaFX Application Thread] DEBUG PrimaryStageWindow   - FXGLStartupScene -> FXGLLoadingScene
01:59:13.530 [JavaFX Application Thread] DEBUG GameApplicationServi - Clearing previous game
01:59:13.530 [JavaFX Application Thread] DEBUG GameScene            - Clearing game scene
01:59:13.530 [JavaFX Application Thread] DEBUG GameWorld            - Clearing game world
01:59:13.530 [JavaFX Application Thread] DEBUG PhysicsWorld         - Clearing physics world
01:59:13.532 [FXGL Background Thread 1 ] DEBUG FXGLApplication      - Initializing game
01:59:13.534 [FXGL Background Thread 4 ] DEBUG FXGLAssetLoaderServi - Loading from file system: jar:file:///C:/Users/acer/.m2/repository/com/github/almasb/fxgl/17.3/fxgl-17.3.jar!/fxglassets/ui/fonts/Abel-Regular.ttf
01:59:13.539 [FXGL Background Thread 4 ] DEBUG FXGLAssetLoaderServi - Loading from file system: jar:file:///C:/Users/acer/.m2/repository/com/github/almasb/fxgl/17.3/fxgl-17.3.jar!/fxglassets/ui/fonts/TerminalLandMono-Regular.otf
01:59:13.543 [FXGL Background Thread 4 ] DEBUG FXGLAssetLoaderServi - Loading from file system: jar:file:///C:/Users/acer/.m2/repository/com/github/almasb/fxgl/17.3/fxgl-17.3.jar!/fxglassets/ui/fonts/Courier-Prime.ttf
01:59:13.583 [FXGL Background Thread 1 ] INFO  FXGLApplication      - Game initialization took: 0.051 sec
01:59:13.593 [JavaFX Application Thread] DEBUG FXGLApplication      - Registering font factories with UI factory
01:59:13.596 [JavaFX Application Thread] DEBUG Input                - Clearing active input actions
01:59:13.606 [JavaFX Application Thread] DEBUG GameApplicationServi - Removing overlay from FXGLLoadingScene and adding to GameScene
01:59:13.606 [JavaFX Application Thread] DEBUG PrimaryStageWindow   - FXGLLoadingScene -> GameScene
01:59:15.988 [JavaFX Application Thread] DEBUG EventBus             - Firing event: com.almasb.fxglgames.tictactoe.event.AIEvent[source=javafx.event.Event$$Lambda$138/0x000000080116b518@15be56bc]
01:59:15.991 [JavaFX Application Thread] DEBUG EventBus             - Firing event: com.almasb.fxglgames.tictactoe.event.AIEvent[source=javafx.event.Event$$Lambda$138/0x000000080116b518@15be56bc]
01:59:16.455 [FXGL Background Thread 3 ] DEBUG Engine               - Logging environment variables
01:59:16.455 [FXGL Background Thread 3 ] DEBUG Engine               - achievements: []
01:59:16.456 [FXGL Background Thread 3 ] DEBUG Engine               - actualHeight: 600.0
01:59:16.456 [FXGL Background Thread 3 ] DEBUG Engine               - actualHeightProperty: ReadOnlyDoubleProperty [value: 600.0]
01:59:16.456 [FXGL Background Thread 3 ] DEBUG Engine               - actualWidth: 600.0
01:59:16.456 [FXGL Background Thread 3 ] DEBUG Engine               - actualWidthProperty: ReadOnlyDoubleProperty [value: 600.0]
01:59:16.456 [FXGL Background Thread 3 ] DEBUG Engine               - appIcon: fxgl_icon.png
01:59:16.457 [FXGL Background Thread 3 ] DEBUG Engine               - applicationMode: DEVELOPER
01:59:16.457 [FXGL Background Thread 3 ] DEBUG Engine               - cSSList: [fxgl_dark.css]
01:59:16.457 [FXGL Background Thread 3 ] DEBUG Engine               - collisionDetectionStrategy: BRUTE_FORCE
01:59:16.457 [FXGL Background Thread 3 ] DEBUG Engine               - configClass: Optional.empty
01:59:16.457 [FXGL Background Thread 3 ] DEBUG Engine               - credits: []
01:59:16.457 [FXGL Background Thread 3 ] DEBUG Engine               - defaultCursor: CursorInfo(imageName=fxgl_default_cursor.png, hotspotX=7.0, hotspotY=6.0)
01:59:16.458 [FXGL Background Thread 3 ] DEBUG Engine               - devBBoxColorProperty: ObjectProperty [value: 0xff0000ff]
01:59:16.458 [FXGL Background Thread 3 ] DEBUG Engine               - devEnableDebugCameraProperty: BooleanProperty [value: false]
01:59:16.458 [FXGL Background Thread 3 ] DEBUG Engine               - devSensorColorProperty: ObjectProperty [value: 0xffff00ff]
01:59:16.458 [FXGL Background Thread 3 ] DEBUG Engine               - devShowBBoxProperty: BooleanProperty [value: false]
01:59:16.458 [FXGL Background Thread 3 ] DEBUG Engine               - devShowPositionProperty: BooleanProperty [value: false]
01:59:16.458 [FXGL Background Thread 3 ] DEBUG Engine               - enabledMenuItems: []
01:59:16.458 [FXGL Background Thread 3 ] DEBUG Engine               - engineServices: [class com.almasb.fxgl.app.services.FXGLAssetLoaderService, class com.almasb.fxgl.app.FXGLApplication$GameApplicationService, class com.almasb.fxgl.app.services.FXGLDialogService, class com.almasb.fxgl.app.services.IOTaskExecutorService, class com.almasb.fxgl.io.FileSystemService, class com.almasb.fxgl.localization.LocalizationService, class com.almasb.fxgl.app.services.SystemBundleService, class com.almasb.fxgl.profile.SaveLoadService, class com.almasb.fxgl.ui.FXGLUIFactoryServiceProvider, class com.almasb.fxgl.ui.FXGLDialogFactoryServiceProvider, class com.almasb.fxgl.audio.AudioPlayer, class com.almasb.fxgl.notification.impl.NotificationServiceProvider, class com.almasb.fxgl.achievement.AchievementService, class com.almasb.fxgl.cutscene.CutsceneService, class com.almasb.fxgl.minigames.MiniGameService, class com.almasb.fxgl.net.NetService, class com.almasb.fxgl.app.services.UpdaterService, class com.almasb.fxgl.dev.DevService, class com.almasb.fxglgames.tictactoe.ai.MinimaxService]
01:59:16.458 [FXGL Background Thread 3 ] DEBUG Engine               - fontGame: Abel-Regular.ttf
01:59:16.458 [FXGL Background Thread 3 ] DEBUG Engine               - fontMono: TerminalLandMono-Regular.otf
01:59:16.458 [FXGL Background Thread 3 ] DEBUG Engine               - fontSizeScaleUI: 1.0
01:59:16.459 [FXGL Background Thread 3 ] DEBUG Engine               - fontText: Courier-Prime.ttf
01:59:16.459 [FXGL Background Thread 3 ] DEBUG Engine               - fontUI: VarelaRound-Regular.ttf
01:59:16.459 [FXGL Background Thread 3 ] DEBUG Engine               - fullScreen: BooleanProperty [value: false]
01:59:16.459 [FXGL Background Thread 3 ] DEBUG Engine               - gameDifficulty: MEDIUM
01:59:16.459 [FXGL Background Thread 3 ] DEBUG Engine               - gameDifficultyProperty: ObjectProperty [value: MEDIUM]
01:59:16.459 [FXGL Background Thread 3 ] DEBUG Engine               - globalMusicVolume: 0.5
01:59:16.459 [FXGL Background Thread 3 ] DEBUG Engine               - globalMusicVolumeProperty: DoubleProperty [value: 0.5]
01:59:16.459 [FXGL Background Thread 3 ] DEBUG Engine               - globalSoundVolume: 0.5
01:59:16.460 [FXGL Background Thread 3 ] DEBUG Engine               - globalSoundVolumeProperty: DoubleProperty [value: 0.5]
01:59:16.460 [FXGL Background Thread 3 ] DEBUG Engine               - height: 600
01:59:16.460 [FXGL Background Thread 3 ] DEBUG Engine               - is3D: false
01:59:16.460 [FXGL Background Thread 3 ] DEBUG Engine               - isAndroid: false
01:59:16.460 [FXGL Background Thread 3 ] DEBUG Engine               - isBrowser: false
01:59:16.460 [FXGL Background Thread 3 ] DEBUG Engine               - isClickFeedbackEnabled: false
01:59:16.460 [FXGL Background Thread 3 ] DEBUG Engine               - isCloseConfirmation: false
01:59:16.460 [FXGL Background Thread 3 ] DEBUG Engine               - isDesktop: true
01:59:16.460 [FXGL Background Thread 3 ] DEBUG Engine               - isDeveloperMenuEnabled: false
01:59:16.461 [FXGL Background Thread 3 ] DEBUG Engine               - isEmbedded: false
01:59:16.461 [FXGL Background Thread 3 ] DEBUG Engine               - isEntityPreloadEnabled: true
01:59:16.461 [FXGL Background Thread 3 ] DEBUG Engine               - isExperimentalTiledLargeMap: false
01:59:16.461 [FXGL Background Thread 3 ] DEBUG Engine               - isFileSystemWriteAllowed: true
01:59:16.461 [FXGL Background Thread 3 ] DEBUG Engine               - isFullScreenAllowed: false
01:59:16.461 [FXGL Background Thread 3 ] DEBUG Engine               - isFullScreenFromStart: false
01:59:16.461 [FXGL Background Thread 3 ] DEBUG Engine               - isGameMenuEnabled: true
01:59:16.461 [FXGL Background Thread 3 ] DEBUG Engine               - isIOS: false
01:59:16.461 [FXGL Background Thread 3 ] DEBUG Engine               - isIntroEnabled: false
01:59:16.461 [FXGL Background Thread 3 ] DEBUG Engine               - isLinux: false
01:59:16.462 [FXGL Background Thread 3 ] DEBUG Engine               - isMac: false
01:59:16.462 [FXGL Background Thread 3 ] DEBUG Engine               - isMainMenuEnabled: false
01:59:16.462 [FXGL Background Thread 3 ] DEBUG Engine               - isManualResizeEnabled: false
01:59:16.462 [FXGL Background Thread 3 ] DEBUG Engine               - isMobile: false
01:59:16.462 [FXGL Background Thread 3 ] DEBUG Engine               - isNative: false
01:59:16.462 [FXGL Background Thread 3 ] DEBUG Engine               - isPauseMusicWhenMinimized: true
01:59:16.462 [FXGL Background Thread 3 ] DEBUG Engine               - isPreserveResizeRatio: false
01:59:16.462 [FXGL Background Thread 3 ] DEBUG Engine               - isProfilingEnabled: false
01:59:16.463 [FXGL Background Thread 3 ] DEBUG Engine               - isScaleAffectedOnResize: true
01:59:16.463 [FXGL Background Thread 3 ] DEBUG Engine               - isSingleStep: false
01:59:16.463 [FXGL Background Thread 3 ] DEBUG Engine               - isUserProfileEnabled: false
01:59:16.463 [FXGL Background Thread 3 ] DEBUG Engine               - isWindows: true
01:59:16.463 [FXGL Background Thread 3 ] DEBUG Engine               - language: ObjectProperty [value: ENGLISH]
01:59:16.463 [FXGL Background Thread 3 ] DEBUG Engine               - menuKey: ESCAPE
01:59:16.463 [FXGL Background Thread 3 ] DEBUG Engine               - mouseSensitivity: 0.2
01:59:16.463 [FXGL Background Thread 3 ] DEBUG Engine               - notificationViewClass: class com.almasb.fxgl.notification.view.XboxNotificationView
01:59:16.463 [FXGL Background Thread 3 ] DEBUG Engine               - pixelsPerMeter: 50.0
01:59:16.464 [FXGL Background Thread 3 ] DEBUG Engine               - platform: WINDOWS
01:59:16.464 [FXGL Background Thread 3 ] DEBUG Engine               - prefHeightProperty: ReadOnlyDoubleProperty [value: 600.0]
01:59:16.464 [FXGL Background Thread 3 ] DEBUG Engine               - prefWidthProperty: ReadOnlyDoubleProperty [value: 600.0]
01:59:16.464 [FXGL Background Thread 3 ] DEBUG Engine               - profileDir: profiles/
01:59:16.464 [FXGL Background Thread 3 ] DEBUG Engine               - profileName: StringProperty [value: DEFAULT]
01:59:16.464 [FXGL Background Thread 3 ] DEBUG Engine               - randomSeed: -1
01:59:16.465 [FXGL Background Thread 3 ] DEBUG Engine               - runtimeInfo: RuntimeInfo(platform=WINDOWS, version=17.3, build=30.03.2023 11.49)
01:59:16.466 [FXGL Background Thread 3 ] DEBUG Engine               - saveFileExt: sav
01:59:16.466 [FXGL Background Thread 3 ] DEBUG Engine               - scaledHeightProp$fxgl: DoubleProperty [bound, value: 600.0]
01:59:16.466 [FXGL Background Thread 3 ] DEBUG Engine               - scaledWidthProp$fxgl: DoubleProperty [bound, value: 600.0]
01:59:16.466 [FXGL Background Thread 3 ] DEBUG Engine               - sceneFactory: com.almasb.fxgl.app.scene.SceneFactory@6b11ef5a
01:59:16.466 [FXGL Background Thread 3 ] DEBUG Engine               - secondsIn24h: 60
01:59:16.466 [FXGL Background Thread 3 ] DEBUG Engine               - soundMenuBack: menu/back.wav
01:59:16.466 [FXGL Background Thread 3 ] DEBUG Engine               - soundMenuPress: menu/press.wav
01:59:16.466 [FXGL Background Thread 3 ] DEBUG Engine               - soundMenuSelect: menu/select.wav
01:59:16.466 [FXGL Background Thread 3 ] DEBUG Engine               - soundNotification: core/notification.wav
01:59:16.466 [FXGL Background Thread 3 ] DEBUG Engine               - stageStyle: DECORATED
01:59:16.466 [FXGL Background Thread 3 ] DEBUG Engine               - supportedLanguages: [ENGLISH, FRENCH, GERMAN, HUNGARIAN, RUSSIAN]
01:59:16.466 [FXGL Background Thread 3 ] DEBUG Engine               - ticksPerSecond: -1
01:59:16.466 [FXGL Background Thread 3 ] DEBUG Engine               - title: TicTacToe
01:59:16.466 [FXGL Background Thread 3 ] DEBUG Engine               - urlGithub: https://github.com/AlmasB/FXGL
01:59:16.466 [FXGL Background Thread 3 ] DEBUG Engine               - urlLeaderboard: http://fxgl-top.herokuapp.com/
01:59:16.466 [FXGL Background Thread 3 ] DEBUG Engine               - urlPOM: https://raw.githubusercontent.com/AlmasB/FXGL/release/README.md
01:59:16.466 [FXGL Background Thread 3 ] DEBUG Engine               - userAppClass: class com.almasb.fxglgames.tictactoe.TicTacToeApp
01:59:16.467 [FXGL Background Thread 3 ] DEBUG Engine               - version: 1.0
01:59:16.467 [FXGL Background Thread 3 ] DEBUG Engine               - versionCheckDays: 7
01:59:16.467 [FXGL Background Thread 3 ] DEBUG Engine               - width: 600
01:59:16.467 [FXGL Background Thread 3 ] DEBUG Engine               - Logging services
01:59:16.467 [FXGL Background Thread 3 ] DEBUG Engine               - class com.almasb.fxgl.app.services.FXGLAssetLoaderService
01:59:16.467 [FXGL Background Thread 3 ] DEBUG Engine               - class com.almasb.fxgl.app.FXGLApplication$GameApplicationService
01:59:16.467 [FXGL Background Thread 3 ] DEBUG Engine               - class com.almasb.fxgl.app.services.FXGLDialogService
01:59:16.467 [FXGL Background Thread 3 ] DEBUG Engine               - class com.almasb.fxgl.app.services.IOTaskExecutorService
01:59:16.467 [FXGL Background Thread 3 ] DEBUG Engine               - class com.almasb.fxgl.io.FileSystemService
01:59:16.467 [FXGL Background Thread 3 ] DEBUG Engine               - class com.almasb.fxgl.localization.LocalizationService
01:59:16.467 [FXGL Background Thread 3 ] DEBUG Engine               - class com.almasb.fxgl.app.services.SystemBundleService
01:59:16.467 [FXGL Background Thread 3 ] DEBUG Engine               - class com.almasb.fxgl.profile.SaveLoadService
01:59:16.467 [FXGL Background Thread 3 ] DEBUG Engine               - class com.almasb.fxgl.ui.FXGLUIFactoryServiceProvider
01:59:16.467 [FXGL Background Thread 3 ] DEBUG Engine               - class com.almasb.fxgl.ui.FXGLDialogFactoryServiceProvider
01:59:16.467 [FXGL Background Thread 3 ] DEBUG Engine               - class com.almasb.fxgl.audio.AudioPlayer
01:59:16.467 [FXGL Background Thread 3 ] DEBUG Engine               - class com.almasb.fxgl.notification.impl.NotificationServiceProvider
01:59:16.467 [FXGL Background Thread 3 ] DEBUG Engine               - class com.almasb.fxgl.achievement.AchievementService
01:59:16.467 [FXGL Background Thread 3 ] DEBUG Engine               - class com.almasb.fxgl.cutscene.CutsceneService
01:59:16.467 [FXGL Background Thread 3 ] DEBUG Engine               - class com.almasb.fxgl.minigames.MiniGameService
01:59:16.468 [FXGL Background Thread 3 ] DEBUG Engine               - class com.almasb.fxgl.net.NetService
01:59:16.468 [FXGL Background Thread 3 ] DEBUG Engine               - class com.almasb.fxgl.app.services.UpdaterService
01:59:16.468 [FXGL Background Thread 3 ] DEBUG Engine               - class com.almasb.fxgl.dev.DevService
01:59:16.468 [FXGL Background Thread 3 ] DEBUG Engine               - class com.almasb.fxglgames.tictactoe.ai.MinimaxService
01:59:19.192 [JavaFX Application Thread] DEBUG EventBus             - Firing event: com.almasb.fxglgames.tictactoe.event.AIEvent[source=javafx.event.Event$$Lambda$138/0x000000080116b518@15be56bc]
01:59:19.192 [JavaFX Application Thread] DEBUG EventBus             - Firing event: com.almasb.fxglgames.tictactoe.event.AIEvent[source=javafx.event.Event$$Lambda$138/0x000000080116b518@15be56bc]
01:59:22.160 [JavaFX Application Thread] DEBUG EventBus             - Firing event: com.almasb.fxglgames.tictactoe.event.AIEvent[source=javafx.event.Event$$Lambda$138/0x000000080116b518@15be56bc]
01:59:22.160 [JavaFX Application Thread] DEBUG EventBus             - Firing event: com.almasb.fxglgames.tictactoe.event.AIEvent[source=javafx.event.Event$$Lambda$138/0x000000080116b518@15be56bc]
01:59:23.602 [JavaFX Application Thread] DEBUG EventBus             - Firing event: com.almasb.fxglgames.tictactoe.event.AIEvent[source=javafx.event.Event$$Lambda$138/0x000000080116b518@15be56bc]
01:59:23.602 [JavaFX Application Thread] DEBUG EventBus             - Firing event: com.almasb.fxglgames.tictactoe.event.AIEvent[source=javafx.event.Event$$Lambda$138/0x000000080116b518@15be56bc]
01:59:24.614 [JavaFX Application Thread] DEBUG PrimaryStageWindow   - Push state: DialogSubScene
01:59:24.614 [JavaFX Application Thread] DEBUG Input                - Clearing active input actions
01:59:24.617 [JavaFX Application Thread] DEBUG GameApplicationServi - Removing overlay from GameScene and adding to DialogSubScene
01:59:24.617 [JavaFX Application Thread] DEBUG PrimaryStageWindow   - GameScene -> DialogSubScene
01:59:25.912 [JavaFX Application Thread] DEBUG PrimaryStageWindow   - Pop state: DialogSubScene
01:59:25.912 [JavaFX Application Thread] DEBUG Input                - Clearing active input actions
01:59:25.913 [JavaFX Application Thread] DEBUG GameApplicationServi - Removing overlay from DialogSubScene and adding to GameScene
01:59:25.914 [JavaFX Application Thread] DEBUG PrimaryStageWindow   - GameScene <- DialogSubScene
01:59:25.914 [JavaFX Application Thread] DEBUG GameApplicationServi - Starting new game
01:59:25.914 [JavaFX Application Thread] DEBUG Input                - Clearing active input actions
01:59:25.931 [JavaFX Application Thread] DEBUG GameApplicationServi - Removing overlay from GameScene and adding to FXGLLoadingScene
01:59:25.931 [JavaFX Application Thread] DEBUG PrimaryStageWindow   - GameScene -> FXGLLoadingScene
01:59:25.931 [JavaFX Application Thread] DEBUG GameApplicationServi - Clearing previous game
01:59:25.931 [JavaFX Application Thread] DEBUG GameScene            - Clearing game scene
01:59:25.931 [JavaFX Application Thread] DEBUG GameWorld            - Clearing game world
01:59:25.948 [JavaFX Application Thread] DEBUG PhysicsWorld         - Clearing physics world
01:59:25.948 [FXGL Background Thread 2 ] DEBUG FXGLApplication      - Initializing game
01:59:25.959 [FXGL Background Thread 2 ] DEBUG EventBus             - Firing event: com.almasb.fxglgames.tictactoe.event.AIEvent[source=javafx.event.Event$$Lambda$138/0x000000080116b518@15be56bc]
01:59:25.959 [FXGL Background Thread 2 ] DEBUG EventBus             - Firing event: com.almasb.fxglgames.tictactoe.event.AIEvent[source=javafx.event.Event$$Lambda$138/0x000000080116b518@15be56bc]
01:59:25.960 [FXGL Background Thread 2 ] INFO  FXGLApplication      - Game initialization took: 0.012 sec
01:59:25.962 [JavaFX Application Thread] DEBUG Input                - Clearing active input actions
01:59:25.970 [JavaFX Application Thread] DEBUG GameApplicationServi - Removing overlay from FXGLLoadingScene and adding to GameScene
01:59:25.970 [JavaFX Application Thread] DEBUG PrimaryStageWindow   - FXGLLoadingScene -> GameScene
01:59:27.984 [JavaFX Application Thread] DEBUG EventBus             - Firing event: com.almasb.fxglgames.tictactoe.event.AIEvent[source=javafx.event.Event$$Lambda$138/0x000000080116b518@15be56bc]
01:59:27.985 [JavaFX Application Thread] DEBUG EventBus             - Firing event: com.almasb.fxglgames.tictactoe.event.AIEvent[source=javafx.event.Event$$Lambda$138/0x000000080116b518@15be56bc]
01:59:29.230 [JavaFX Application Thread] DEBUG EventBus             - Firing event: com.almasb.fxglgames.tictactoe.event.AIEvent[source=javafx.event.Event$$Lambda$138/0x000000080116b518@15be56bc]
01:59:29.231 [JavaFX Application Thread] DEBUG EventBus             - Firing event: com.almasb.fxglgames.tictactoe.event.AIEvent[source=javafx.event.Event$$Lambda$138/0x000000080116b518@15be56bc]
01:59:30.530 [JavaFX Application Thread] DEBUG EventBus             - Firing event: com.almasb.fxglgames.tictactoe.event.AIEvent[source=javafx.event.Event$$Lambda$138/0x000000080116b518@15be56bc]
01:59:30.531 [JavaFX Application Thread] DEBUG EventBus             - Firing event: com.almasb.fxglgames.tictactoe.event.AIEvent[source=javafx.event.Event$$Lambda$138/0x000000080116b518@15be56bc]
01:59:32.112 [JavaFX Application Thread] DEBUG EventBus             - Firing event: com.almasb.fxglgames.tictactoe.event.AIEvent[source=javafx.event.Event$$Lambda$138/0x000000080116b518@15be56bc]
01:59:32.112 [JavaFX Application Thread] DEBUG EventBus             - Firing event: com.almasb.fxglgames.tictactoe.event.AIEvent[source=javafx.event.Event$$Lambda$138/0x000000080116b518@15be56bc]
01:59:32.114 [JavaFX Application Thread] DEBUG PrimaryStageWindow   - Push state: DialogSubScene
01:59:32.114 [JavaFX Application Thread] DEBUG Input                - Clearing active input actions
01:59:32.116 [JavaFX Application Thread] DEBUG GameApplicationServi - Removing overlay from GameScene and adding to DialogSubScene
01:59:32.117 [JavaFX Application Thread] DEBUG PrimaryStageWindow   - GameScene -> DialogSubScene
01:59:33.486 [JavaFX Application Thread] DEBUG PrimaryStageWindow   - Pop state: DialogSubScene
01:59:33.487 [JavaFX Application Thread] DEBUG Input                - Clearing active input actions
01:59:33.487 [JavaFX Application Thread] DEBUG GameApplicationServi - Removing overlay from DialogSubScene and adding to GameScene
01:59:33.487 [JavaFX Application Thread] DEBUG PrimaryStageWindow   - GameScene <- DialogSubScene
01:59:33.487 [JavaFX Application Thread] DEBUG GameApplicationServi - Starting new game
01:59:33.487 [JavaFX Application Thread] DEBUG Input                - Clearing active input actions
01:59:33.492 [JavaFX Application Thread] DEBUG GameApplicationServi - Removing overlay from GameScene and adding to FXGLLoadingScene
01:59:33.493 [JavaFX Application Thread] DEBUG PrimaryStageWindow   - GameScene -> FXGLLoadingScene
01:59:33.493 [JavaFX Application Thread] DEBUG GameApplicationServi - Clearing previous game
01:59:33.493 [JavaFX Application Thread] DEBUG GameScene            - Clearing game scene
01:59:33.493 [JavaFX Application Thread] DEBUG GameWorld            - Clearing game world
01:59:33.494 [JavaFX Application Thread] DEBUG PhysicsWorld         - Clearing physics world
01:59:33.494 [FXGL Background Thread 2 ] DEBUG FXGLApplication      - Initializing game
01:59:33.501 [FXGL Background Thread 2 ] INFO  FXGLApplication      - Game initialization took: 0.006 sec
01:59:33.502 [JavaFX Application Thread] DEBUG Input                - Clearing active input actions
01:59:33.506 [JavaFX Application Thread] DEBUG GameApplicationServi - Removing overlay from FXGLLoadingScene and adding to GameScene
01:59:33.506 [JavaFX Application Thread] DEBUG PrimaryStageWindow   - FXGLLoadingScene -> GameScene
01:59:34.914 [JavaFX Application Thread] DEBUG EventBus             - Firing event: com.almasb.fxglgames.tictactoe.event.AIEvent[source=javafx.event.Event$$Lambda$138/0x000000080116b518@15be56bc]
01:59:34.915 [JavaFX Application Thread] DEBUG EventBus             - Firing event: com.almasb.fxglgames.tictactoe.event.AIEvent[source=javafx.event.Event$$Lambda$138/0x000000080116b518@15be56bc]
01:59:39.128 [JavaFX Application Thread] DEBUG EventBus             - Firing event: com.almasb.fxglgames.tictactoe.event.AIEvent[source=javafx.event.Event$$Lambda$138/0x000000080116b518@15be56bc]
01:59:39.129 [JavaFX Application Thread] DEBUG EventBus             - Firing event: com.almasb.fxglgames.tictactoe.event.AIEvent[source=javafx.event.Event$$Lambda$138/0x000000080116b518@15be56bc]
01:59:40.671 [JavaFX Application Thread] DEBUG EventBus             - Firing event: com.almasb.fxglgames.tictactoe.event.AIEvent[source=javafx.event.Event$$Lambda$138/0x000000080116b518@15be56bc]
01:59:40.671 [JavaFX Application Thread] DEBUG EventBus             - Firing event: com.almasb.fxglgames.tictactoe.event.AIEvent[source=javafx.event.Event$$Lambda$138/0x000000080116b518@15be56bc]
01:59:42.179 [JavaFX Application Thread] DEBUG EventBus             - Firing event: com.almasb.fxglgames.tictactoe.event.AIEvent[source=javafx.event.Event$$Lambda$138/0x000000080116b518@15be56bc]
01:59:42.180 [JavaFX Application Thread] DEBUG EventBus             - Firing event: com.almasb.fxglgames.tictactoe.event.AIEvent[source=javafx.event.Event$$Lambda$138/0x000000080116b518@15be56bc]
01:59:43.235 [JavaFX Application Thread] DEBUG PrimaryStageWindow   - Push state: DialogSubScene
01:59:43.236 [JavaFX Application Thread] DEBUG Input                - Clearing active input actions
01:59:43.238 [JavaFX Application Thread] DEBUG GameApplicationServi - Removing overlay from GameScene and adding to DialogSubScene
01:59:43.239 [JavaFX Application Thread] DEBUG PrimaryStageWindow   - GameScene -> DialogSubScene
01:59:44.838 [JavaFX Application Thread] DEBUG PrimaryStageWindow   - Pop state: DialogSubScene
01:59:44.838 [JavaFX Application Thread] DEBUG Input                - Clearing active input actions
01:59:44.839 [JavaFX Application Thread] DEBUG GameApplicationServi - Removing overlay from DialogSubScene and adding to GameScene
01:59:44.839 [JavaFX Application Thread] DEBUG PrimaryStageWindow   - GameScene <- DialogSubScene
01:59:44.839 [JavaFX Application Thread] DEBUG GameApplicationServi - Starting new game
01:59:44.839 [JavaFX Application Thread] DEBUG Input                - Clearing active input actions
01:59:44.844 [JavaFX Application Thread] DEBUG GameApplicationServi - Removing overlay from GameScene and adding to FXGLLoadingScene
01:59:44.844 [JavaFX Application Thread] DEBUG PrimaryStageWindow   - GameScene -> FXGLLoadingScene
01:59:44.844 [JavaFX Application Thread] DEBUG GameApplicationServi - Clearing previous game
01:59:44.844 [JavaFX Application Thread] DEBUG GameScene            - Clearing game scene
01:59:44.844 [JavaFX Application Thread] DEBUG GameWorld            - Clearing game world
01:59:44.845 [JavaFX Application Thread] DEBUG PhysicsWorld         - Clearing physics world
01:59:44.845 [FXGL Background Thread 2 ] DEBUG FXGLApplication      - Initializing game
01:59:44.851 [FXGL Background Thread 2 ] DEBUG EventBus             - Firing event: com.almasb.fxglgames.tictactoe.event.AIEvent[source=javafx.event.Event$$Lambda$138/0x000000080116b518@15be56bc]
01:59:44.852 [FXGL Background Thread 2 ] DEBUG EventBus             - Firing event: com.almasb.fxglgames.tictactoe.event.AIEvent[source=javafx.event.Event$$Lambda$138/0x000000080116b518@15be56bc]
01:59:44.852 [FXGL Background Thread 2 ] INFO  FXGLApplication      - Game initialization took: 0.006 sec
01:59:44.853 [JavaFX Application Thread] DEBUG Input                - Clearing active input actions
01:59:44.856 [JavaFX Application Thread] DEBUG GameApplicationServi - Removing overlay from FXGLLoadingScene and adding to GameScene
01:59:44.857 [JavaFX Application Thread] DEBUG PrimaryStageWindow   - FXGLLoadingScene -> GameScene
01:59:45.840 [JavaFX Application Thread] DEBUG EventBus             - Firing event: com.almasb.fxglgames.tictactoe.event.AIEvent[source=javafx.event.Event$$Lambda$138/0x000000080116b518@15be56bc]
01:59:45.840 [JavaFX Application Thread] DEBUG EventBus             - Firing event: com.almasb.fxglgames.tictactoe.event.AIEvent[source=javafx.event.Event$$Lambda$138/0x000000080116b518@15be56bc]
01:59:46.998 [JavaFX Application Thread] DEBUG EventBus             - Firing event: com.almasb.fxglgames.tictactoe.event.AIEvent[source=javafx.event.Event$$Lambda$138/0x000000080116b518@15be56bc]
01:59:46.999 [JavaFX Application Thread] DEBUG EventBus             - Firing event: com.almasb.fxglgames.tictactoe.event.AIEvent[source=javafx.event.Event$$Lambda$138/0x000000080116b518@15be56bc]
01:59:49.201 [JavaFX Application Thread] DEBUG EventBus             - Firing event: com.almasb.fxglgames.tictactoe.event.AIEvent[source=javafx.event.Event$$Lambda$138/0x000000080116b518@15be56bc]
01:59:49.201 [JavaFX Application Thread] DEBUG EventBus             - Firing event: com.almasb.fxglgames.tictactoe.event.AIEvent[source=javafx.event.Event$$Lambda$138/0x000000080116b518@15be56bc]
01:59:50.212 [JavaFX Application Thread] DEBUG PrimaryStageWindow   - Push state: DialogSubScene
01:59:50.212 [JavaFX Application Thread] DEBUG Input                - Clearing active input actions
01:59:50.215 [JavaFX Application Thread] DEBUG GameApplicationServi - Removing overlay from GameScene and adding to DialogSubScene
01:59:50.216 [JavaFX Application Thread] DEBUG PrimaryStageWindow   - GameScene -> DialogSubScene
01:59:51.402 [JavaFX Application Thread] DEBUG PrimaryStageWindow   - Pop state: DialogSubScene
01:59:51.402 [JavaFX Application Thread] DEBUG Input                - Clearing active input actions
01:59:51.403 [JavaFX Application Thread] DEBUG GameApplicationServi - Removing overlay from DialogSubScene and adding to GameScene
01:59:51.403 [JavaFX Application Thread] DEBUG PrimaryStageWindow   - GameScene <- DialogSubScene
01:59:51.404 [JavaFX Application Thread] DEBUG GameApplicationServi - Starting new game
01:59:51.404 [JavaFX Application Thread] DEBUG Input                - Clearing active input actions
01:59:51.411 [JavaFX Application Thread] DEBUG GameApplicationServi - Removing overlay from GameScene and adding to FXGLLoadingScene
01:59:51.411 [JavaFX Application Thread] DEBUG PrimaryStageWindow   - GameScene -> FXGLLoadingScene
01:59:51.411 [JavaFX Application Thread] DEBUG GameApplicationServi - Clearing previous game
01:59:51.411 [JavaFX Application Thread] DEBUG GameScene            - Clearing game scene
01:59:51.411 [JavaFX Application Thread] DEBUG GameWorld            - Clearing game world
01:59:51.413 [JavaFX Application Thread] DEBUG PhysicsWorld         - Clearing physics world
01:59:51.414 [FXGL Background Thread 2 ] DEBUG FXGLApplication      - Initializing game
01:59:51.426 [FXGL Background Thread 2 ] INFO  FXGLApplication      - Game initialization took: 0.012 sec
01:59:51.427 [JavaFX Application Thread] DEBUG Input                - Clearing active input actions
01:59:51.432 [JavaFX Application Thread] DEBUG GameApplicationServi - Removing overlay from FXGLLoadingScene and adding to GameScene
01:59:51.432 [JavaFX Application Thread] DEBUG PrimaryStageWindow   - FXGLLoadingScene -> GameScene
01:59:51.975 [JavaFX Application Thread] DEBUG EventBus             - Firing event: com.almasb.fxglgames.tictactoe.event.AIEvent[source=javafx.event.Event$$Lambda$138/0x000000080116b518@15be56bc]
01:59:51.976 [JavaFX Application Thread] DEBUG EventBus             - Firing event: com.almasb.fxglgames.tictactoe.event.AIEvent[source=javafx.event.Event$$Lambda$138/0x000000080116b518@15be56bc]
02:00:18.536 [JavaFX Application Thread] DEBUG EventBus             - Firing event: com.almasb.fxglgames.tictactoe.event.AIEvent[source=javafx.event.Event$$Lambda$138/0x000000080116b518@15be56bc]
02:00:18.537 [JavaFX Application Thread] DEBUG EventBus             - Firing event: com.almasb.fxglgames.tictactoe.event.AIEvent[source=javafx.event.Event$$Lambda$138/0x000000080116b518@15be56bc]
02:00:21.809 [JavaFX Application Thread] DEBUG EventBus             - Firing event: com.almasb.fxglgames.tictactoe.event.AIEvent[source=javafx.event.Event$$Lambda$138/0x000000080116b518@15be56bc]
02:00:21.810 [JavaFX Application Thread] DEBUG EventBus             - Firing event: com.almasb.fxglgames.tictactoe.event.AIEvent[source=javafx.event.Event$$Lambda$138/0x000000080116b518@15be56bc]
02:00:25.168 [JavaFX Application Thread] DEBUG EventBus             - Firing event: com.almasb.fxglgames.tictactoe.event.AIEvent[source=javafx.event.Event$$Lambda$138/0x000000080116b518@15be56bc]
02:00:25.169 [JavaFX Application Thread] DEBUG EventBus             - Firing event: com.almasb.fxglgames.tictactoe.event.AIEvent[source=javafx.event.Event$$Lambda$138/0x000000080116b518@15be56bc]
02:00:26.482 [JavaFX Application Thread] DEBUG PrimaryStageWindow   - Push state: DialogSubScene
02:00:26.482 [JavaFX Application Thread] DEBUG Input                - Clearing active input actions
02:00:26.484 [JavaFX Application Thread] DEBUG GameApplicationServi - Removing overlay from GameScene and adding to DialogSubScene
02:00:26.484 [JavaFX Application Thread] DEBUG PrimaryStageWindow   - GameScene -> DialogSubScene
02:00:27.368 [JavaFX Application Thread] DEBUG PrimaryStageWindow   - Pop state: DialogSubScene
02:00:27.368 [JavaFX Application Thread] DEBUG Input                - Clearing active input actions
02:00:27.368 [JavaFX Application Thread] DEBUG GameApplicationServi - Removing overlay from DialogSubScene and adding to GameScene
02:00:27.369 [JavaFX Application Thread] DEBUG PrimaryStageWindow   - GameScene <- DialogSubScene
02:00:27.369 [JavaFX Application Thread] DEBUG GameApplicationServi - Starting new game
02:00:27.369 [JavaFX Application Thread] DEBUG Input                - Clearing active input actions
02:00:27.375 [JavaFX Application Thread] DEBUG GameApplicationServi - Removing overlay from GameScene and adding to FXGLLoadingScene
02:00:27.375 [JavaFX Application Thread] DEBUG PrimaryStageWindow   - GameScene -> FXGLLoadingScene
02:00:27.375 [JavaFX Application Thread] DEBUG GameApplicationServi - Clearing previous game
02:00:27.376 [JavaFX Application Thread] DEBUG GameScene            - Clearing game scene
02:00:27.376 [JavaFX Application Thread] DEBUG GameWorld            - Clearing game world
02:00:27.378 [JavaFX Application Thread] DEBUG PhysicsWorld         - Clearing physics world
02:00:27.379 [FXGL Background Thread 2 ] DEBUG FXGLApplication      - Initializing game
02:00:27.388 [FXGL Background Thread 2 ] DEBUG EventBus             - Firing event: com.almasb.fxglgames.tictactoe.event.AIEvent[source=javafx.event.Event$$Lambda$138/0x000000080116b518@15be56bc]
02:00:27.389 [FXGL Background Thread 2 ] DEBUG EventBus             - Firing event: com.almasb.fxglgames.tictactoe.event.AIEvent[source=javafx.event.Event$$Lambda$138/0x000000080116b518@15be56bc]
02:00:27.390 [FXGL Background Thread 2 ] INFO  FXGLApplication      - Game initialization took: 0.011 sec
02:00:27.393 [JavaFX Application Thread] DEBUG Input                - Clearing active input actions
02:00:27.397 [JavaFX Application Thread] DEBUG GameApplicationServi - Removing overlay from FXGLLoadingScene and adding to GameScene
02:00:27.398 [JavaFX Application Thread] DEBUG PrimaryStageWindow   - FXGLLoadingScene -> GameScene
02:00:28.450 [JavaFX Application Thread] DEBUG EventBus             - Firing event: com.almasb.fxglgames.tictactoe.event.AIEvent[source=javafx.event.Event$$Lambda$138/0x000000080116b518@15be56bc]
02:00:28.450 [JavaFX Application Thread] DEBUG EventBus             - Firing event: com.almasb.fxglgames.tictactoe.event.AIEvent[source=javafx.event.Event$$Lambda$138/0x000000080116b518@15be56bc]
02:00:29.490 [JavaFX Application Thread] DEBUG EventBus             - Firing event: com.almasb.fxglgames.tictactoe.event.AIEvent[source=javafx.event.Event$$Lambda$138/0x000000080116b518@15be56bc]
02:00:29.490 [JavaFX Application Thread] DEBUG EventBus             - Firing event: com.almasb.fxglgames.tictactoe.event.AIEvent[source=javafx.event.Event$$Lambda$138/0x000000080116b518@15be56bc]
02:00:30.515 [JavaFX Application Thread] DEBUG EventBus             - Firing event: com.almasb.fxglgames.tictactoe.event.AIEvent[source=javafx.event.Event$$Lambda$138/0x000000080116b518@15be56bc]
02:00:30.516 [JavaFX Application Thread] DEBUG EventBus             - Firing event: com.almasb.fxglgames.tictactoe.event.AIEvent[source=javafx.event.Event$$Lambda$138/0x000000080116b518@15be56bc]
02:00:31.524 [JavaFX Application Thread] DEBUG PrimaryStageWindow   - Push state: DialogSubScene
02:00:31.524 [JavaFX Application Thread] DEBUG Input                - Clearing active input actions
02:00:31.525 [JavaFX Application Thread] DEBUG GameApplicationServi - Removing overlay from GameScene and adding to DialogSubScene
02:00:31.525 [JavaFX Application Thread] DEBUG PrimaryStageWindow   - GameScene -> DialogSubScene
02:00:32.579 [JavaFX Application Thread] DEBUG PrimaryStageWindow   - Pop state: DialogSubScene
02:00:32.580 [JavaFX Application Thread] DEBUG Input                - Clearing active input actions
02:00:32.580 [JavaFX Application Thread] DEBUG GameApplicationServi - Removing overlay from DialogSubScene and adding to GameScene
02:00:32.580 [JavaFX Application Thread] DEBUG PrimaryStageWindow   - GameScene <- DialogSubScene
02:00:32.580 [JavaFX Application Thread] DEBUG GameApplicationServi - Starting new game
02:00:32.580 [JavaFX Application Thread] DEBUG Input                - Clearing active input actions
02:00:32.584 [JavaFX Application Thread] DEBUG GameApplicationServi - Removing overlay from GameScene and adding to FXGLLoadingScene
02:00:32.584 [JavaFX Application Thread] DEBUG PrimaryStageWindow   - GameScene -> FXGLLoadingScene
02:00:32.584 [JavaFX Application Thread] DEBUG GameApplicationServi - Clearing previous game
02:00:32.584 [JavaFX Application Thread] DEBUG GameScene            - Clearing game scene
02:00:32.584 [JavaFX Application Thread] DEBUG GameWorld            - Clearing game world
02:00:32.585 [JavaFX Application Thread] DEBUG PhysicsWorld         - Clearing physics world
02:00:32.586 [FXGL Background Thread 2 ] DEBUG FXGLApplication      - Initializing game
02:00:32.590 [FXGL Background Thread 2 ] INFO  FXGLApplication      - Game initialization took: 0.005 sec
02:00:32.591 [JavaFX Application Thread] DEBUG Input                - Clearing active input actions
02:00:32.595 [JavaFX Application Thread] DEBUG GameApplicationServi - Removing overlay from FXGLLoadingScene and adding to GameScene
02:00:32.596 [JavaFX Application Thread] DEBUG PrimaryStageWindow   - FXGLLoadingScene -> GameScene
02:00:33.442 [JavaFX Application Thread] DEBUG EventBus             - Firing event: com.almasb.fxglgames.tictactoe.event.AIEvent[source=javafx.event.Event$$Lambda$138/0x000000080116b518@15be56bc]
02:00:33.443 [JavaFX Application Thread] DEBUG EventBus             - Firing event: com.almasb.fxglgames.tictactoe.event.AIEvent[source=javafx.event.Event$$Lambda$138/0x000000080116b518@15be56bc]
02:00:34.562 [JavaFX Application Thread] DEBUG EventBus             - Firing event: com.almasb.fxglgames.tictactoe.event.AIEvent[source=javafx.event.Event$$Lambda$138/0x000000080116b518@15be56bc]
02:00:34.562 [JavaFX Application Thread] DEBUG EventBus             - Firing event: com.almasb.fxglgames.tictactoe.event.AIEvent[source=javafx.event.Event$$Lambda$138/0x000000080116b518@15be56bc]
02:00:35.542 [JavaFX Application Thread] DEBUG EventBus             - Firing event: com.almasb.fxglgames.tictactoe.event.AIEvent[source=javafx.event.Event$$Lambda$138/0x000000080116b518@15be56bc]
02:00:35.543 [JavaFX Application Thread] DEBUG EventBus             - Firing event: com.almasb.fxglgames.tictactoe.event.AIEvent[source=javafx.event.Event$$Lambda$138/0x000000080116b518@15be56bc]
02:00:37.114 [JavaFX Application Thread] DEBUG EventBus             - Firing event: com.almasb.fxglgames.tictactoe.event.AIEvent[source=javafx.event.Event$$Lambda$138/0x000000080116b518@15be56bc]
02:00:37.115 [JavaFX Application Thread] DEBUG EventBus             - Firing event: com.almasb.fxglgames.tictactoe.event.AIEvent[source=javafx.event.Event$$Lambda$138/0x000000080116b518@15be56bc]
02:00:38.049 [JavaFX Application Thread] DEBUG PrimaryStageWindow   - Push state: DialogSubScene
02:00:38.049 [JavaFX Application Thread] DEBUG Input                - Clearing active input actions
02:00:38.050 [JavaFX Application Thread] DEBUG GameApplicationServi - Removing overlay from GameScene and adding to DialogSubScene
02:00:38.050 [JavaFX Application Thread] DEBUG PrimaryStageWindow   - GameScene -> DialogSubScene
02:00:38.949 [JavaFX Application Thread] DEBUG PrimaryStageWindow   - Pop state: DialogSubScene
02:00:38.949 [JavaFX Application Thread] DEBUG Input                - Clearing active input actions
02:00:38.950 [JavaFX Application Thread] DEBUG GameApplicationServi - Removing overlay from DialogSubScene and adding to GameScene
02:00:38.950 [JavaFX Application Thread] DEBUG PrimaryStageWindow   - GameScene <- DialogSubScene
02:00:38.950 [JavaFX Application Thread] DEBUG GameApplicationServi - Starting new game
02:00:38.950 [JavaFX Application Thread] DEBUG Input                - Clearing active input actions
02:00:38.955 [JavaFX Application Thread] DEBUG GameApplicationServi - Removing overlay from GameScene and adding to FXGLLoadingScene
02:00:38.956 [JavaFX Application Thread] DEBUG PrimaryStageWindow   - GameScene -> FXGLLoadingScene
02:00:38.956 [JavaFX Application Thread] DEBUG GameApplicationServi - Clearing previous game
02:00:38.956 [JavaFX Application Thread] DEBUG GameScene            - Clearing game scene
02:00:38.956 [JavaFX Application Thread] DEBUG GameWorld            - Clearing game world
02:00:38.958 [JavaFX Application Thread] DEBUG PhysicsWorld         - Clearing physics world
02:00:38.958 [FXGL Background Thread 2 ] DEBUG FXGLApplication      - Initializing game
02:00:38.966 [FXGL Background Thread 2 ] DEBUG EventBus             - Firing event: com.almasb.fxglgames.tictactoe.event.AIEvent[source=javafx.event.Event$$Lambda$138/0x000000080116b518@15be56bc]
02:00:38.966 [FXGL Background Thread 2 ] DEBUG EventBus             - Firing event: com.almasb.fxglgames.tictactoe.event.AIEvent[source=javafx.event.Event$$Lambda$138/0x000000080116b518@15be56bc]
02:00:38.967 [FXGL Background Thread 2 ] INFO  FXGLApplication      - Game initialization took: 0.009 sec
02:00:38.969 [JavaFX Application Thread] DEBUG Input                - Clearing active input actions
02:00:38.972 [JavaFX Application Thread] DEBUG GameApplicationServi - Removing overlay from FXGLLoadingScene and adding to GameScene
02:00:38.973 [JavaFX Application Thread] DEBUG PrimaryStageWindow   - FXGLLoadingScene -> GameScene
02:00:39.940 [JavaFX Application Thread] DEBUG EventBus             - Firing event: com.almasb.fxglgames.tictactoe.event.AIEvent[source=javafx.event.Event$$Lambda$138/0x000000080116b518@15be56bc]
02:00:39.941 [JavaFX Application Thread] DEBUG EventBus             - Firing event: com.almasb.fxglgames.tictactoe.event.AIEvent[source=javafx.event.Event$$Lambda$138/0x000000080116b518@15be56bc]
02:00:41.069 [JavaFX Application Thread] DEBUG EventBus             - Firing event: com.almasb.fxglgames.tictactoe.event.AIEvent[source=javafx.event.Event$$Lambda$138/0x000000080116b518@15be56bc]
02:00:41.069 [JavaFX Application Thread] DEBUG EventBus             - Firing event: com.almasb.fxglgames.tictactoe.event.AIEvent[source=javafx.event.Event$$Lambda$138/0x000000080116b518@15be56bc]
02:00:42.185 [JavaFX Application Thread] DEBUG EventBus             - Firing event: com.almasb.fxglgames.tictactoe.event.AIEvent[source=javafx.event.Event$$Lambda$138/0x000000080116b518@15be56bc]
02:00:42.186 [JavaFX Application Thread] DEBUG EventBus             - Firing event: com.almasb.fxglgames.tictactoe.event.AIEvent[source=javafx.event.Event$$Lambda$138/0x000000080116b518@15be56bc]
02:00:43.226 [JavaFX Application Thread] DEBUG EventBus             - Firing event: com.almasb.fxglgames.tictactoe.event.AIEvent[source=javafx.event.Event$$Lambda$138/0x000000080116b518@15be56bc]
02:00:43.226 [JavaFX Application Thread] DEBUG EventBus             - Firing event: com.almasb.fxglgames.tictactoe.event.AIEvent[source=javafx.event.Event$$Lambda$138/0x000000080116b518@15be56bc]
02:00:43.227 [JavaFX Application Thread] DEBUG PrimaryStageWindow   - Push state: DialogSubScene
02:00:43.228 [JavaFX Application Thread] DEBUG Input                - Clearing active input actions
02:00:43.229 [JavaFX Application Thread] DEBUG GameApplicationServi - Removing overlay from GameScene and adding to DialogSubScene
02:00:43.229 [JavaFX Application Thread] DEBUG PrimaryStageWindow   - GameScene -> DialogSubScene
02:00:44.870 [JavaFX Application Thread] DEBUG PrimaryStageWindow   - Pop state: DialogSubScene
02:00:44.870 [JavaFX Application Thread] DEBUG Input                - Clearing active input actions
02:00:44.871 [JavaFX Application Thread] DEBUG GameApplicationServi - Removing overlay from DialogSubScene and adding to GameScene
02:00:44.871 [JavaFX Application Thread] DEBUG PrimaryStageWindow   - GameScene <- DialogSubScene
02:00:44.871 [JavaFX Application Thread] DEBUG GameApplicationServi - Starting new game
02:00:44.871 [JavaFX Application Thread] DEBUG Input                - Clearing active input actions
02:00:44.873 [JavaFX Application Thread] DEBUG GameApplicationServi - Removing overlay from GameScene and adding to FXGLLoadingScene
02:00:44.873 [JavaFX Application Thread] DEBUG PrimaryStageWindow   - GameScene -> FXGLLoadingScene
02:00:44.874 [JavaFX Application Thread] DEBUG GameApplicationServi - Clearing previous game
02:00:44.874 [JavaFX Application Thread] DEBUG GameScene            - Clearing game scene
02:00:44.874 [JavaFX Application Thread] DEBUG GameWorld            - Clearing game world
02:00:44.874 [JavaFX Application Thread] DEBUG PhysicsWorld         - Clearing physics world
02:00:44.874 [FXGL Background Thread 2 ] DEBUG FXGLApplication      - Initializing game
02:00:44.879 [FXGL Background Thread 2 ] INFO  FXGLApplication      - Game initialization took: 0.004 sec
02:00:44.880 [JavaFX Application Thread] DEBUG Input                - Clearing active input actions
02:00:44.882 [JavaFX Application Thread] DEBUG GameApplicationServi - Removing overlay from FXGLLoadingScene and adding to GameScene
02:00:44.882 [JavaFX Application Thread] DEBUG PrimaryStageWindow   - FXGLLoadingScene -> GameScene
02:00:46.184 [JavaFX Application Thread] DEBUG EventBus             - Firing event: com.almasb.fxglgames.tictactoe.event.AIEvent[source=javafx.event.Event$$Lambda$138/0x000000080116b518@15be56bc]
02:00:46.184 [JavaFX Application Thread] DEBUG EventBus             - Firing event: com.almasb.fxglgames.tictactoe.event.AIEvent[source=javafx.event.Event$$Lambda$138/0x000000080116b518@15be56bc]
02:00:47.086 [JavaFX Application Thread] DEBUG EventBus             - Firing event: com.almasb.fxglgames.tictactoe.event.AIEvent[source=javafx.event.Event$$Lambda$138/0x000000080116b518@15be56bc]
02:00:47.087 [JavaFX Application Thread] DEBUG EventBus             - Firing event: com.almasb.fxglgames.tictactoe.event.AIEvent[source=javafx.event.Event$$Lambda$138/0x000000080116b518@15be56bc]
02:00:48.286 [JavaFX Application Thread] DEBUG EventBus             - Firing event: com.almasb.fxglgames.tictactoe.event.AIEvent[source=javafx.event.Event$$Lambda$138/0x000000080116b518@15be56bc]
02:00:48.286 [JavaFX Application Thread] DEBUG EventBus             - Firing event: com.almasb.fxglgames.tictactoe.event.AIEvent[source=javafx.event.Event$$Lambda$138/0x000000080116b518@15be56bc]
02:00:49.160 [JavaFX Application Thread] DEBUG EventBus             - Firing event: com.almasb.fxglgames.tictactoe.event.AIEvent[source=javafx.event.Event$$Lambda$138/0x000000080116b518@15be56bc]
02:00:49.161 [JavaFX Application Thread] DEBUG EventBus             - Firing event: com.almasb.fxglgames.tictactoe.event.AIEvent[source=javafx.event.Event$$Lambda$138/0x000000080116b518@15be56bc]
02:00:50.072 [JavaFX Application Thread] DEBUG PrimaryStageWindow   - Push state: DialogSubScene
02:00:50.072 [JavaFX Application Thread] DEBUG Input                - Clearing active input actions
02:00:50.072 [JavaFX Application Thread] DEBUG GameApplicationServi - Removing overlay from GameScene and adding to DialogSubScene
02:00:50.072 [JavaFX Application Thread] DEBUG PrimaryStageWindow   - GameScene -> DialogSubScene
02:00:50.951 [JavaFX Application Thread] DEBUG PrimaryStageWindow   - Pop state: DialogSubScene
02:00:50.951 [JavaFX Application Thread] DEBUG Input                - Clearing active input actions
02:00:50.951 [JavaFX Application Thread] DEBUG GameApplicationServi - Removing overlay from DialogSubScene and adding to GameScene
02:00:50.951 [JavaFX Application Thread] DEBUG PrimaryStageWindow   - GameScene <- DialogSubScene
02:00:50.951 [JavaFX Application Thread] DEBUG FXGLApplication      - Exiting FXGL
02:00:50.951 [JavaFX Application Thread] DEBUG LoopRunner           - Stopping loop
02:00:50.952 [JavaFX Application Thread] DEBUG SystemBundleService  - Saving FXGL system data
02:00:50.955 [JavaFX Application Thread] DEBUG FileSystemAccess     - Writing to: D:\VSCode\CodeJava\Game\FXGLGames-master\TicTacToe\system\fxgl.bundle
02:00:50.966 [JavaFX Application Thread] DEBUG Async                - Shutting down background threads
02:00:50.966 [JavaFX Application Thread] DEBUG PrimaryStageWindow   - Closing main window
02:00:51.024 [JavaFX Application Thread] DEBUG Logger               - Closing Logger
